0 info it worked if it ends with ok
1 verbose cli [ '/usr/local/bin/node',
1 verbose cli   '/usr/local/bin/npm',
1 verbose cli   'install',
1 verbose cli   'browswer-sync' ]
2 info using npm@2.14.20
3 info using node@v4.4.1
4 verbose install initial load of /Users/Wesley/Documents/EDUCATION/Front End /TaskRunners/Lab15taskrunners/package.json
5 warn package.json lab15taskrunners@1.0.0 No description
6 verbose installManyTop reading scoped package data from /Users/Wesley/Documents/EDUCATION/Front End /TaskRunners/Lab15taskrunners/node_modules/gulp/package.json
7 verbose installManyTop reading scoped package data from /Users/Wesley/Documents/EDUCATION/Front End /TaskRunners/Lab15taskrunners/node_modules/gulp-stylus/package.json
8 verbose readDependencies loading dependencies from /Users/Wesley/Documents/EDUCATION/Front End /TaskRunners/Lab15taskrunners/package.json
9 silly cache add args [ 'browswer-sync', null ]
10 verbose cache add spec browswer-sync
11 silly cache add parsed spec Result {
11 silly cache add   raw: 'browswer-sync',
11 silly cache add   scope: null,
11 silly cache add   name: 'browswer-sync',
11 silly cache add   rawSpec: '',
11 silly cache add   spec: 'latest',
11 silly cache add   type: 'tag' }
12 silly addNamed browswer-sync@latest
13 verbose addNamed "latest" is being treated as a dist-tag for browswer-sync
14 info addNameTag [ 'browswer-sync', 'latest' ]
15 silly mapToRegistry name browswer-sync
16 silly mapToRegistry using default registry
17 silly mapToRegistry registry https://registry.npmjs.org/
18 silly mapToRegistry uri https://registry.npmjs.org/browswer-sync
19 verbose addNameTag registry:https://registry.npmjs.org/browswer-sync not in flight; fetching
20 verbose request uri https://registry.npmjs.org/browswer-sync
21 verbose request no auth needed
22 info attempt registry request try #1 at 8:52:44 PM
23 verbose request id a190d8dfc03c5078
24 http request GET https://registry.npmjs.org/browswer-sync
25 http 404 https://registry.npmjs.org/browswer-sync
26 verbose headers { 'content-type': 'application/json',
26 verbose headers   'cache-control': 'max-age=0',
26 verbose headers   'content-length': '2',
26 verbose headers   'accept-ranges': 'bytes',
26 verbose headers   date: 'Fri, 22 Apr 2016 00:52:44 GMT',
26 verbose headers   via: '1.1 varnish',
26 verbose headers   age: '0',
26 verbose headers   connection: 'keep-alive',
26 verbose headers   'x-served-by': 'cache-dfw1821-DFW',
26 verbose headers   'x-cache': 'MISS',
26 verbose headers   'x-cache-hits': '0',
26 verbose headers   'x-timer': 'S1461286364.547874,VS0,VE47',
26 verbose headers   vary: 'Accept-Encoding' }
27 silly get cb [ 404,
27 silly get   { 'content-type': 'application/json',
27 silly get     'cache-control': 'max-age=0',
27 silly get     'content-length': '2',
27 silly get     'accept-ranges': 'bytes',
27 silly get     date: 'Fri, 22 Apr 2016 00:52:44 GMT',
27 silly get     via: '1.1 varnish',
27 silly get     age: '0',
27 silly get     connection: 'keep-alive',
27 silly get     'x-served-by': 'cache-dfw1821-DFW',
27 silly get     'x-cache': 'MISS',
27 silly get     'x-cache-hits': '0',
27 silly get     'x-timer': 'S1461286364.547874,VS0,VE47',
27 silly get     vary: 'Accept-Encoding' } ]
28 verbose stack Error: Registry returned 404 for GET on https://registry.npmjs.org/browswer-sync
28 verbose stack     at makeError (/usr/local/lib/node_modules/npm/node_modules/npm-registry-client/lib/request.js:264:12)
28 verbose stack     at CachingRegistryClient.<anonymous> (/usr/local/lib/node_modules/npm/node_modules/npm-registry-client/lib/request.js:242:14)
28 verbose stack     at Request._callback (/usr/local/lib/node_modules/npm/node_modules/npm-registry-client/lib/request.js:172:14)
28 verbose stack     at Request.self.callback (/usr/local/lib/node_modules/npm/node_modules/request/request.js:199:22)
28 verbose stack     at emitTwo (events.js:87:13)
28 verbose stack     at Request.emit (events.js:172:7)
28 verbose stack     at Request.<anonymous> (/usr/local/lib/node_modules/npm/node_modules/request/request.js:1036:10)
28 verbose stack     at emitOne (events.js:82:20)
28 verbose stack     at Request.emit (events.js:169:7)
28 verbose stack     at IncomingMessage.<anonymous> (/usr/local/lib/node_modules/npm/node_modules/request/request.js:963:12)
29 verbose statusCode 404
30 verbose pkgid browswer-sync
31 verbose cwd /Users/Wesley/Documents/EDUCATION/Front End /TaskRunners/Lab15taskrunners
32 error Darwin 14.5.0
33 error argv "/usr/local/bin/node" "/usr/local/bin/npm" "install" "browswer-sync"
34 error node v4.4.1
35 error npm  v2.14.20
36 error code E404
37 error 404 Registry returned 404 for GET on https://registry.npmjs.org/browswer-sync
37 error 404
37 error 404 'browswer-sync' is not in the npm registry.
37 error 404 You should bug the author to publish it (or use the name yourself!)
37 error 404 It was specified as a dependency of 'lab15taskrunners'
37 error 404
37 error 404 Note that you can also install from a
37 error 404 tarball, folder, http url, or git url.
38 verbose exit [ 1, true ]
